c:\users\고형진\documents\github\battleship_jin\battleship_고형진\battleship_pp\debug\battleship_pp.pch
c:\users\고형진\documents\github\battleship_jin\battleship_고형진\battleship_pp\debug\vc120.pdb
c:\users\고형진\documents\github\battleship_jin\battleship_고형진\battleship_pp\debug\vc120.idb
c:\users\고형진\documents\github\battleship_jin\battleship_고형진\battleship_pp\debug\stdafx.obj
c:\users\고형진\documents\github\battleship_jin\battleship_고형진\battleship_pp\debug\battleship_pp.obj
c:\users\고형진\documents\github\battleship_jin\battleship_고형진\battleship_pp\debug\board.obj
c:\users\고형진\documents\github\battleship_jin\battleship_고형진\battleship_pp\debug\gamemanager.obj
c:\users\고형진\documents\github\battleship_jin\battleship_고형진\battleship_pp\debug\player.obj
c:\users\고형진\documents\github\battleship_jin\battleship_고형진\battleship_pp\debug\ship.obj
c:\users\고형진\documents\github\battleship_jin\battleship_고형진\debug\battleship_pp.pdb
c:\users\고형진\documents\github\battleship_jin\battleship_고형진\battleship_pp\debug\battleship_pp.tlog\cl.command.1.tlog
c:\users\고형진\documents\github\battleship_jin\battleship_고형진\battleship_pp\debug\battleship_pp.tlog\cl.read.1.tlog
c:\users\고형진\documents\github\battleship_jin\battleship_고형진\battleship_pp\debug\battleship_pp.tlog\cl.write.1.tlog
c:\users\고형진\documents\github\battleship_jin\battleship_고형진\battleship_pp\debug\battleship_pp.tlog\link-cvtres.read.1.tlog
c:\users\고형진\documents\github\battleship_jin\battleship_고형진\battleship_pp\debug\battleship_pp.tlog\link-cvtres.write.1.tlog
c:\users\고형진\documents\github\battleship_jin\battleship_고형진\battleship_pp\debug\battleship_pp.tlog\link-rc.read.1.tlog
c:\users\고형진\documents\github\battleship_jin\battleship_고형진\battleship_pp\debug\battleship_pp.tlog\link-rc.write.1.tlog
c:\users\고형진\documents\github\battleship_jin\battleship_고형진\battleship_pp\debug\battleship_pp.tlog\link.4304-cvtres.read.1.tlog
c:\users\고형진\documents\github\battleship_jin\battleship_고형진\battleship_pp\debug\battleship_pp.tlog\link.4304-cvtres.write.1.tlog
c:\users\고형진\documents\github\battleship_jin\battleship_고형진\battleship_pp\debug\battleship_pp.tlog\link.4304-rc.read.1.tlog
c:\users\고형진\documents\github\battleship_jin\battleship_고형진\battleship_pp\debug\battleship_pp.tlog\link.4304-rc.write.1.tlog
c:\users\고형진\documents\github\battleship_jin\battleship_고형진\battleship_pp\debug\battleship_pp.tlog\link.4304.read.1.tlog
c:\users\고형진\documents\github\battleship_jin\battleship_고형진\battleship_pp\debug\battleship_pp.tlog\link.4304.write.1.tlog
c:\users\고형진\documents\github\battleship_jin\battleship_고형진\battleship_pp\debug\battleship_pp.tlog\link.command.1.tlog
c:\users\고형진\documents\github\battleship_jin\battleship_고형진\battleship_pp\debug\battleship_pp.tlog\link.read.1.tlog
c:\users\고형진\documents\github\battleship_jin\battleship_고형진\battleship_pp\debug\battleship_pp.tlog\link.write.1.tlog
