빌드 시작: 2014-08-06 오후 6:37:09
     1>2 노드의 "C:\Users\고형진\Documents\GitHub\BattleShip_Jin\BattleShip_고형진\BattleShip\BattleShip.vcxproj" 프로젝트(Build 대상)입니다.
     1>ClCompile:
         C:\Program Files (x86)\Microsoft Visual Studio 12.0\VC\bin\CL.exe /c /ZI /nologo /W4 /WX- /sdl /Od /Oy- /D WIN32 /D _DEBUG /D _CONSOLE /D _LIB /D _UNICODE /D UNICODE /Gm /EHsc /RTC1 /MDd /GS /fp:precise /Zc:wchar_t /Zc:forScope /Yu"stdafx.h" /Fp"Debug\BattleShip.pch" /Fo"Debug\\" /Fd"Debug\vc120.pdb" /Gd /TP /analyze- /errorReport:prompt Board.cpp
         Board.cpp
       Link:
         C:\Program Files (x86)\Microsoft Visual Studio 12.0\VC\bin\link.exe /ERRORREPORT:PROMPT /OUT:"C:\Users\고형진\Documents\GitHub\BattleShip_Jin\BattleShip_고형진\Debug\BattleShip.exe" /INCREMENTAL /NOLOGO kernel32.lib user32.lib gdi32.lib winspool.lib comdlg32.lib advapi32.lib shell32.lib ole32.lib oleaut32.lib uuid.lib odbc32.lib odbccp32.lib /MANIFEST /MANIFESTUAC:"level='asInvoker' uiAccess='false'" /manifest:embed /DEBUG /PDB:"C:\Users\고형진\Documents\GitHub\BattleShip_Jin\BattleShip_고형진\Debug\BattleShip.pdb" /SUBSYSTEM:CONSOLE /TLBID:1 /DYNAMICBASE /NXCOMPAT /IMPLIB:"C:\Users\고형진\Documents\GitHub\BattleShip_Jin\BattleShip_고형진\Debug\BattleShip.lib" /MACHINE:X86 Debug\Aircraft.obj
         Debug\BattleShip.obj
         Debug\Board.obj
         Debug\Destroyer.obj
         Debug\GameManager.obj
         Debug\MainApp.obj
         Debug\Cruiser.obj
         Debug\Player.obj
         Debug\Ship.obj
         Debug\stdafx.obj
         BattleShip.vcxproj -> C:\Users\고형진\Documents\GitHub\BattleShip_Jin\BattleShip_고형진\Debug\BattleShip.exe
     1>"C:\Users\고형진\Documents\GitHub\BattleShip_Jin\BattleShip_고형진\BattleShip\BattleShip.vcxproj" 프로젝트를 빌드했습니다(Build 대상).

빌드했습니다.

경과 시간: 00:00:00.77
