c:\users\고형진\documents\github\battleship_jin\battleship_고형진\battleship\debug\battleship.pch
c:\users\고형진\documents\github\battleship_jin\battleship_고형진\battleship\debug\vc120.pdb
c:\users\고형진\documents\github\battleship_jin\battleship_고형진\battleship\debug\vc120.idb
c:\users\고형진\documents\github\battleship_jin\battleship_고형진\battleship\debug\stdafx.obj
c:\users\고형진\documents\github\battleship_jin\battleship_고형진\battleship\debug\battleship.obj
c:\users\고형진\documents\github\battleship_jin\battleship_고형진\battleship\debug\aircraft.obj
c:\users\고형진\documents\github\battleship_jin\battleship_고형진\battleship\debug\board.obj
c:\users\고형진\documents\github\battleship_jin\battleship_고형진\battleship\debug\destroyer.obj
c:\users\고형진\documents\github\battleship_jin\battleship_고형진\battleship\debug\gamemanager.obj
c:\users\고형진\documents\github\battleship_jin\battleship_고형진\battleship\debug\mainapp.obj
c:\users\고형진\documents\github\battleship_jin\battleship_고형진\battleship\debug\cruiser.obj
c:\users\고형진\documents\github\battleship_jin\battleship_고형진\battleship\debug\player.obj
c:\users\고형진\documents\github\battleship_jin\battleship_고형진\battleship\debug\ship.obj
c:\users\고형진\documents\github\battleship_jin\battleship_고형진\debug\battleship.pdb
c:\users\고형진\documents\github\battleship_jin\battleship_고형진\battleship\debug\battleship.tlog\cl.command.1.tlog
c:\users\고형진\documents\github\battleship_jin\battleship_고형진\battleship\debug\battleship.tlog\cl.read.1.tlog
c:\users\고형진\documents\github\battleship_jin\battleship_고형진\battleship\debug\battleship.tlog\cl.write.1.tlog
c:\users\고형진\documents\github\battleship_jin\battleship_고형진\battleship\debug\battleship.tlog\link.command.1.tlog
c:\users\고형진\documents\github\battleship_jin\battleship_고형진\battleship\debug\battleship.tlog\link.read.1.tlog
c:\users\고형진\documents\github\battleship_jin\battleship_고형진\battleship\debug\battleship.tlog\link.write.1.tlog
